<?xml version="1.0" encoding="UTF-8"?>
<testng-results skipped="0" failed="0" ignored="0" total="1" passed="1">
  <reporter-output>
  </reporter-output>
  <suite name="Default suite" duration-ms="16005" started-at="2020-03-03T09:20:34Z" finished-at="2020-03-03T09:20:50Z">
    <groups>
    </groups>
    <test name="Default test" duration-ms="16005" started-at="2020-03-03T09:20:34Z" finished-at="2020-03-03T09:20:50Z">
      <class name="com.ravi.package1.Demo">
        <test-method status="PASS" signature="f()[pri:0, instance:com.ravi.package1.Demo@5c7fa833]" name="f" duration-ms="15989" started-at="2020-03-03T14:50:34Z" finished-at="2020-03-03T14:50:50Z">
          <reporter-output>
          </reporter-output>
        </test-method> <!-- f -->
      </class> <!-- com.ravi.package1.Demo -->
    </test> <!-- Default test -->
  </suite> <!-- Default suite -->
</testng-results>
