<?xml version="1.0" encoding="UTF-8"?>
<testng-results skipped="0" failed="0" total="1" passed="1">
  <reporter-output>
  </reporter-output>
  <suite name="Suite" duration-ms="27" started-at="2019-07-09T09:12:20Z" finished-at="2019-07-09T09:12:20Z">
    <groups>
    </groups>
    <test name="Test" duration-ms="27" started-at="2019-07-09T09:12:20Z" finished-at="2019-07-09T09:12:20Z">
      <class name="com.ravi.package1.Demo">
        <test-method status="PASS" signature="f()[pri:0, instance:com.ravi.package1.Demo@7f63425a]" name="f" duration-ms="10" started-at="2019-07-09T14:42:20Z" finished-at="2019-07-09T14:42:20Z">
          <reporter-output>
          </reporter-output>
        </test-method> <!-- f -->
      </class> <!-- com.ravi.package1.Demo -->
    </test> <!-- Test -->
  </suite> <!-- Suite -->
</testng-results>
